This file contains any messages produced by compilers while
running configure, to aid debugging if configure makes a mistake.

It was created by atque configure 1.1.2, which was
generated by GNU Autoconf 2.69.  Invocation command line was

  $ ./configure CXXFLAGS=-g -O0 --no-create --no-recursion

## --------- ##
## Platform. ##
## --------- ##

hostname = debian
uname -m = x86_64
uname -r = 5.9.0-1-amd64
uname -s = Linux
uname -v = #1 SMP Debian 5.9.1-1 (2020-10-17)

/usr/bin/uname -p = unknown
/bin/uname -X     = unknown

/bin/arch              = x86_64
/usr/bin/arch -k       = unknown
/usr/convex/getsysinfo = unknown
/usr/bin/hostinfo      = unknown
/bin/machine           = unknown
/usr/bin/oslevel       = unknown
/bin/universe          = unknown

PATH: /usr/local/bin
PATH: /usr/bin
PATH: /bin
PATH: /usr/games


## ----------- ##
## Core tests. ##
## ----------- ##

configure:2453: checking for a BSD-compatible install
configure:2521: result: /usr/bin/install -c
configure:2532: checking whether build environment is sane
configure:2587: result: yes
configure:2738: checking for a thread-safe mkdir -p
configure:2777: result: /usr/bin/mkdir -p
configure:2784: checking for gawk
configure:2800: found /usr/bin/gawk
configure:2811: result: gawk
configure:2822: checking whether make sets $(MAKE)
configure:2844: result: yes
configure:2873: checking whether make supports nested variables
configure:2890: result: yes
configure:3075: checking for gcc
configure:3091: found /usr/bin/gcc
configure:3102: result: gcc
configure:3331: checking for C compiler version
configure:3340: gcc --version >&5
gcc (Debian 10.2.0-15) 10.2.0
Copyright (C) 2020 Free Software Foundation, Inc.
This is free software; see the source for copying conditions.  There is NO
warranty; not even for MERCHANTABILITY or FITNESS FOR A PARTICULAR PURPOSE.

configure:3351: $? = 0
configure:3340: gcc -v >&5
Using built-in specs.
COLLECT_GCC=gcc
COLLECT_LTO_WRAPPER=/usr/lib/gcc/x86_64-linux-gnu/10/lto-wrapper
OFFLOAD_TARGET_NAMES=nvptx-none:amdgcn-amdhsa:hsa
OFFLOAD_TARGET_DEFAULT=1
Target: x86_64-linux-gnu
Configured with: ../src/configure -v --with-pkgversion='Debian 10.2.0-15' --with-bugurl=file:///usr/share/doc/gcc-10/README.Bugs --enable-languages=c,ada,c++,go,brig,d,fortran,objc,obj-c++,m2 --prefix=/usr --with-gcc-major-version-only --program-suffix=-10 --program-prefix=x86_64-linux-gnu- --enable-shared --enable-linker-build-id --libexecdir=/usr/lib --without-included-gettext --enable-threads=posix --libdir=/usr/lib --enable-nls --enable-clocale=gnu --enable-libstdcxx-debug --enable-libstdcxx-time=yes --with-default-libstdcxx-abi=new --enable-gnu-unique-object --disable-vtable-verify --enable-plugin --enable-default-pie --with-system-zlib --enable-libphobos-checking=release --with-target-system-zlib=auto --enable-objc-gc=auto --enable-multiarch --disable-werror --with-arch-32=i686 --with-abi=m64 --with-multilib-list=m32,m64,mx32 --enable-multilib --with-tune=generic --enable-offload-targets=nvptx-none=/build/gcc-10-mPxEea/gcc-10-10.2.0/debian/tmp-nvptx/usr,amdgcn-amdhsa=/build/gcc-10-mPxEea/gcc-10-10.2.0/debian/tmp-gcn/usr,hsa --without-cuda-driver --enable-checking=release --build=x86_64-linux-gnu --host=x86_64-linux-gnu --target=x86_64-linux-gnu
Thread model: posix
Supported LTO compression algorithms: zlib zstd
gcc version 10.2.0 (Debian 10.2.0-15) 
... rest of stderr output deleted ...
configure:3351: $? = 0
configure:3340: gcc -V >&5
gcc: error: unrecognized command-line option '-V'
gcc: fatal error: no input files
compilation terminated.
configure:3351: $? = 1
configure:3340: gcc -qversion >&5
gcc: error: unrecognized command-line option '-qversion'; did you mean '--version'?
gcc: fatal error: no input files
compilation terminated.
configure:3351: $? = 1
configure:3371: checking whether the C compiler works
configure:3393: gcc    conftest.c  >&5
configure:3397: $? = 0
configure:3445: result: yes
configure:3448: checking for C compiler default output file name
configure:3450: result: a.out
configure:3456: checking for suffix of executables
configure:3463: gcc -o conftest    conftest.c  >&5
configure:3467: $? = 0
configure:3489: result: 
configure:3511: checking whether we are cross compiling
configure:3519: gcc -o conftest    conftest.c  >&5
configure:3523: $? = 0
configure:3530: ./conftest
configure:3534: $? = 0
configure:3549: result: no
configure:3554: checking for suffix of object files
configure:3576: gcc -c   conftest.c >&5
configure:3580: $? = 0
configure:3601: result: o
configure:3605: checking whether we are using the GNU C compiler
configure:3624: gcc -c   conftest.c >&5
configure:3624: $? = 0
configure:3633: result: yes
configure:3642: checking whether gcc accepts -g
configure:3662: gcc -c -g  conftest.c >&5
configure:3662: $? = 0
configure:3703: result: yes
configure:3720: checking for gcc option to accept ISO C89
configure:3783: gcc  -c -g -O2  conftest.c >&5
configure:3783: $? = 0
configure:3796: result: none needed
configure:3821: checking whether gcc understands -c and -o together
configure:3843: gcc -c conftest.c -o conftest2.o
configure:3846: $? = 0
configure:3843: gcc -c conftest.c -o conftest2.o
configure:3846: $? = 0
configure:3858: result: yes
configure:3878: checking whether make supports the include directive
configure:3893: make -f confmf.GNU && cat confinc.out
make[1]: Entering directory '/home/michiaki/AlephoneJP/DTB2'
make[1]: Leaving directory '/home/michiaki/AlephoneJP/DTB2'
this is the am__doit target
configure:3896: $? = 0
configure:3915: result: yes (GNU style)
configure:3940: checking dependency style of gcc
configure:4051: result: gcc3
configure:4071: checking how to run the C preprocessor
configure:4102: gcc -E  conftest.c
configure:4102: $? = 0
configure:4116: gcc -E  conftest.c
conftest.c:11:10: fatal error: ac_nonexistent.h: No such file or directory
   11 | #include <ac_nonexistent.h>
      |          ^~~~~~~~~~~~~~~~~~
compilation terminated.
configure:4116: $? = 1
configure: failed program was:
| /* confdefs.h */
| #define PACKAGE_NAME "atque"
| #define PACKAGE_TARNAME "atque"
| #define PACKAGE_VERSION "1.1.2"
| #define PACKAGE_STRING "atque 1.1.2"
| #define PACKAGE_BUGREPORT "http://sourceforge.net/tracker/?func=add&group_id=235817&atid=1097912 "
| #define PACKAGE_URL ""
| #define PACKAGE "atque"
| #define VERSION "1.1.2"
| /* end confdefs.h.  */
| #include <ac_nonexistent.h>
configure:4141: result: gcc -E
configure:4161: gcc -E  conftest.c
configure:4161: $? = 0
configure:4175: gcc -E  conftest.c
conftest.c:11:10: fatal error: ac_nonexistent.h: No such file or directory
   11 | #include <ac_nonexistent.h>
      |          ^~~~~~~~~~~~~~~~~~
compilation terminated.
configure:4175: $? = 1
configure: failed program was:
| /* confdefs.h */
| #define PACKAGE_NAME "atque"
| #define PACKAGE_TARNAME "atque"
| #define PACKAGE_VERSION "1.1.2"
| #define PACKAGE_STRING "atque 1.1.2"
| #define PACKAGE_BUGREPORT "http://sourceforge.net/tracker/?func=add&group_id=235817&atid=1097912 "
| #define PACKAGE_URL ""
| #define PACKAGE "atque"
| #define VERSION "1.1.2"
| /* end confdefs.h.  */
| #include <ac_nonexistent.h>
configure:4261: checking for g++
configure:4277: found /usr/bin/g++
configure:4288: result: g++
configure:4315: checking for C++ compiler version
configure:4324: g++ --version >&5
g++ (Debian 10.2.0-15) 10.2.0
Copyright (C) 2020 Free Software Foundation, Inc.
This is free software; see the source for copying conditions.  There is NO
warranty; not even for MERCHANTABILITY or FITNESS FOR A PARTICULAR PURPOSE.

configure:4335: $? = 0
configure:4324: g++ -v >&5
Using built-in specs.
COLLECT_GCC=g++
COLLECT_LTO_WRAPPER=/usr/lib/gcc/x86_64-linux-gnu/10/lto-wrapper
OFFLOAD_TARGET_NAMES=nvptx-none:amdgcn-amdhsa:hsa
OFFLOAD_TARGET_DEFAULT=1
Target: x86_64-linux-gnu
Configured with: ../src/configure -v --with-pkgversion='Debian 10.2.0-15' --with-bugurl=file:///usr/share/doc/gcc-10/README.Bugs --enable-languages=c,ada,c++,go,brig,d,fortran,objc,obj-c++,m2 --prefix=/usr --with-gcc-major-version-only --program-suffix=-10 --program-prefix=x86_64-linux-gnu- --enable-shared --enable-linker-build-id --libexecdir=/usr/lib --without-included-gettext --enable-threads=posix --libdir=/usr/lib --enable-nls --enable-clocale=gnu --enable-libstdcxx-debug --enable-libstdcxx-time=yes --with-default-libstdcxx-abi=new --enable-gnu-unique-object --disable-vtable-verify --enable-plugin --enable-default-pie --with-system-zlib --enable-libphobos-checking=release --with-target-system-zlib=auto --enable-objc-gc=auto --enable-multiarch --disable-werror --with-arch-32=i686 --with-abi=m64 --with-multilib-list=m32,m64,mx32 --enable-multilib --with-tune=generic --enable-offload-targets=nvptx-none=/build/gcc-10-mPxEea/gcc-10-10.2.0/debian/tmp-nvptx/usr,amdgcn-amdhsa=/build/gcc-10-mPxEea/gcc-10-10.2.0/debian/tmp-gcn/usr,hsa --without-cuda-driver --enable-checking=release --build=x86_64-linux-gnu --host=x86_64-linux-gnu --target=x86_64-linux-gnu
Thread model: posix
Supported LTO compression algorithms: zlib zstd
gcc version 10.2.0 (Debian 10.2.0-15) 
... rest of stderr output deleted ...
configure:4335: $? = 0
configure:4324: g++ -V >&5
g++: error: unrecognized command-line option '-V'
g++: fatal error: no input files
compilation terminated.
configure:4335: $? = 1
configure:4324: g++ -qversion >&5
g++: error: unrecognized command-line option '-qversion'; did you mean '--version'?
g++: fatal error: no input files
compilation terminated.
configure:4335: $? = 1
configure:4339: checking whether we are using the GNU C++ compiler
configure:4358: g++ -c -g -O0  conftest.cpp >&5
configure:4358: $? = 0
configure:4367: result: yes
configure:4376: checking whether g++ accepts -g
configure:4396: g++ -c -g  conftest.cpp >&5
configure:4396: $? = 0
configure:4437: result: yes
configure:4462: checking dependency style of g++
configure:4573: result: gcc3
configure:4593: checking how to run the C++ preprocessor
configure:4620: g++ -E  conftest.cpp
configure:4620: $? = 0
configure:4634: g++ -E  conftest.cpp
conftest.cpp:11:10: fatal error: ac_nonexistent.h: No such file or directory
   11 | #include <ac_nonexistent.h>
      |          ^~~~~~~~~~~~~~~~~~
compilation terminated.
configure:4634: $? = 1
configure: failed program was:
| /* confdefs.h */
| #define PACKAGE_NAME "atque"
| #define PACKAGE_TARNAME "atque"
| #define PACKAGE_VERSION "1.1.2"
| #define PACKAGE_STRING "atque 1.1.2"
| #define PACKAGE_BUGREPORT "http://sourceforge.net/tracker/?func=add&group_id=235817&atid=1097912 "
| #define PACKAGE_URL ""
| #define PACKAGE "atque"
| #define VERSION "1.1.2"
| /* end confdefs.h.  */
| #include <ac_nonexistent.h>
configure:4659: result: g++ -E
configure:4679: g++ -E  conftest.cpp
configure:4679: $? = 0
configure:4693: g++ -E  conftest.cpp
conftest.cpp:11:10: fatal error: ac_nonexistent.h: No such file or directory
   11 | #include <ac_nonexistent.h>
      |          ^~~~~~~~~~~~~~~~~~
compilation terminated.
configure:4693: $? = 1
configure: failed program was:
| /* confdefs.h */
| #define PACKAGE_NAME "atque"
| #define PACKAGE_TARNAME "atque"
| #define PACKAGE_VERSION "1.1.2"
| #define PACKAGE_STRING "atque 1.1.2"
| #define PACKAGE_BUGREPORT "http://sourceforge.net/tracker/?func=add&group_id=235817&atid=1097912 "
| #define PACKAGE_URL ""
| #define PACKAGE "atque"
| #define VERSION "1.1.2"
| /* end confdefs.h.  */
| #include <ac_nonexistent.h>
configure:4751: checking build system type
configure:4765: result: x86_64-pc-linux-gnu
configure:4785: checking host system type
configure:4798: result: x86_64-pc-linux-gnu
configure:4839: checking how to print strings
configure:4866: result: printf
configure:4887: checking for a sed that does not truncate output
configure:4951: result: /usr/bin/sed
configure:4969: checking for grep that handles long lines and -e
configure:5027: result: /usr/bin/grep
configure:5032: checking for egrep
configure:5094: result: /usr/bin/grep -E
configure:5099: checking for fgrep
configure:5161: result: /usr/bin/grep -F
configure:5196: checking for ld used by gcc
configure:5263: result: /usr/bin/ld
configure:5270: checking if the linker (/usr/bin/ld) is GNU ld
configure:5285: result: yes
configure:5297: checking for BSD- or MS-compatible name lister (nm)
configure:5351: result: /usr/bin/nm -B
configure:5481: checking the name lister (/usr/bin/nm -B) interface
configure:5488: g++ -c -g -O0  conftest.cpp >&5
configure:5491: /usr/bin/nm -B "conftest.o"
configure:5494: output
0000000000000000 B some_variable
configure:5501: result: BSD nm
configure:5504: checking whether ln -s works
configure:5508: result: yes
configure:5516: checking the maximum length of command line arguments
configure:5647: result: 1879296
configure:5695: checking how to convert x86_64-pc-linux-gnu file names to x86_64-pc-linux-gnu format
configure:5735: result: func_convert_file_noop
configure:5742: checking how to convert x86_64-pc-linux-gnu file names to toolchain format
configure:5762: result: func_convert_file_noop
configure:5769: checking for /usr/bin/ld option to reload object files
configure:5776: result: -r
configure:5850: checking for objdump
configure:5866: found /usr/bin/objdump
configure:5877: result: objdump
configure:5909: checking how to recognize dependent libraries
configure:6109: result: pass_all
configure:6194: checking for dlltool
configure:6224: result: no
configure:6254: checking how to associate runtime and link libraries
configure:6281: result: printf %s\n
configure:6342: checking for ar
configure:6358: found /usr/bin/ar
configure:6369: result: ar
configure:6406: checking for archiver @FILE support
configure:6423: g++ -c -g -O0  conftest.cpp >&5
configure:6423: $? = 0
configure:6426: ar cr libconftest.a @conftest.lst >&5
configure:6429: $? = 0
configure:6434: ar cr libconftest.a @conftest.lst >&5
ar: conftest.o: No such file or directory
configure:6437: $? = 1
configure:6449: result: @
configure:6507: checking for strip
configure:6523: found /usr/bin/strip
configure:6534: result: strip
configure:6606: checking for ranlib
configure:6622: found /usr/bin/ranlib
configure:6633: result: ranlib
configure:6735: checking command to parse /usr/bin/nm -B output from gcc object
configure:6888: g++ -c -g -O0  conftest.cpp >&5
configure:6891: $? = 0
configure:6895: /usr/bin/nm -B conftest.o | sed -n -e 's/^.*[	 ]\([ABCDGIRSTW][ABCDGIRSTW]*\)[	 ][	 ]*\([_A-Za-z][_A-Za-z0-9]*\)$/\1 \2 \2/p' | sed '/ __gnu_lto/d' > conftest.nm
configure:6961: g++ -o conftest -g -O0   conftest.cpp conftstm.o >&5
configure:6964: $? = 0
configure:7002: result: ok
configure:7049: checking for sysroot
configure:7079: result: no
configure:7086: checking for a working dd
configure:7124: result: /usr/bin/dd
configure:7128: checking how to truncate binary pipes
configure:7143: result: /usr/bin/dd bs=4096 count=1
configure:7280: g++ -c -g -O0  conftest.cpp >&5
configure:7283: $? = 0
configure:7473: checking for mt
configure:7489: found /usr/bin/mt
configure:7500: result: mt
configure:7523: checking if mt is a manifest tool
configure:7529: mt '-?'
configure:7537: result: no
configure:8210: checking for ANSI C header files
configure:8230: g++ -c -g -O0  conftest.cpp >&5
configure:8230: $? = 0
configure:8303: g++ -o conftest -g -O0   conftest.cpp  >&5
configure:8303: $? = 0
configure:8303: ./conftest
configure:8303: $? = 0
configure:8314: result: yes
configure:8327: checking for sys/types.h
configure:8327: g++ -c -g -O0  conftest.cpp >&5
configure:8327: $? = 0
configure:8327: result: yes
configure:8327: checking for sys/stat.h
configure:8327: g++ -c -g -O0  conftest.cpp >&5
configure:8327: $? = 0
configure:8327: result: yes
configure:8327: checking for stdlib.h
configure:8327: g++ -c -g -O0  conftest.cpp >&5
configure:8327: $? = 0
configure:8327: result: yes
configure:8327: checking for string.h
configure:8327: g++ -c -g -O0  conftest.cpp >&5
configure:8327: $? = 0
configure:8327: result: yes
configure:8327: checking for memory.h
configure:8327: g++ -c -g -O0  conftest.cpp >&5
configure:8327: $? = 0
configure:8327: result: yes
configure:8327: checking for strings.h
configure:8327: g++ -c -g -O0  conftest.cpp >&5
configure:8327: $? = 0
configure:8327: result: yes
configure:8327: checking for inttypes.h
configure:8327: g++ -c -g -O0  conftest.cpp >&5
configure:8327: $? = 0
configure:8327: result: yes
configure:8327: checking for stdint.h
configure:8327: g++ -c -g -O0  conftest.cpp >&5
configure:8327: $? = 0
configure:8327: result: yes
configure:8327: checking for unistd.h
configure:8327: g++ -c -g -O0  conftest.cpp >&5
configure:8327: $? = 0
configure:8327: result: yes
configure:8341: checking for dlfcn.h
configure:8341: g++ -c -g -O0  conftest.cpp >&5
configure:8341: $? = 0
configure:8341: result: yes
configure:8607: checking for objdir
configure:8622: result: .libs
configure:8886: checking if gcc supports -fno-rtti -fno-exceptions
configure:8904: gcc -c -g -O2  -fno-rtti -fno-exceptions conftest.c >&5
cc1: warning: command-line option '-fno-rtti' is valid for C++/D/ObjC++ but not for C
configure:8908: $? = 0
configure:8921: result: no
configure:9285: checking for gcc option to produce PIC
configure:9292: result: -fPIC -DPIC
configure:9300: checking if gcc PIC flag -fPIC -DPIC works
configure:9318: gcc -c -g -O2  -fPIC -DPIC -DPIC conftest.c >&5
configure:9322: $? = 0
configure:9335: result: yes
configure:9364: checking if gcc static flag -static works
configure:9392: result: yes
configure:9407: checking if gcc supports -c -o file.o
configure:9428: gcc -c -g -O2  -o out/conftest2.o conftest.c >&5
configure:9432: $? = 0
configure:9454: result: yes
configure:9462: checking if gcc supports -c -o file.o
configure:9509: result: yes
configure:9542: checking whether the gcc linker (/usr/bin/ld -m elf_x86_64) supports shared libraries
configure:10805: result: yes
configure:10842: checking whether -lc should be explicitly linked in
configure:10850: gcc -c -g -O2  conftest.c >&5
configure:10853: $? = 0
configure:10868: gcc -shared  -fPIC -DPIC conftest.o  -v -Wl,-soname -Wl,conftest -o conftest 2\>\&1 \| /usr/bin/grep  -lc  \>/dev/null 2\>\&1
configure:10871: $? = 0
configure:10885: result: no
configure:11045: checking dynamic linker characteristics
configure:11626: gcc -o conftest -g -O2   -Wl,-rpath -Wl,/foo conftest.c  >&5
configure:11626: $? = 0
configure:11875: result: GNU/Linux ld.so
configure:11997: checking how to hardcode library paths into programs
configure:12022: result: immediate
configure:12570: checking whether stripping libraries is possible
configure:12575: result: yes
configure:12610: checking if libtool supports shared libraries
configure:12612: result: yes
configure:12615: checking whether to build shared libraries
configure:12640: result: yes
configure:12643: checking whether to build static libraries
configure:12647: result: yes
configure:12670: checking how to run the C++ preprocessor
configure:12736: result: g++ -E
configure:12756: g++ -E  conftest.cpp
configure:12756: $? = 0
configure:12770: g++ -E  conftest.cpp
conftest.cpp:23:10: fatal error: ac_nonexistent.h: No such file or directory
   23 | #include <ac_nonexistent.h>
      |          ^~~~~~~~~~~~~~~~~~
compilation terminated.
configure:12770: $? = 1
configure: failed program was:
| /* confdefs.h */
| #define PACKAGE_NAME "atque"
| #define PACKAGE_TARNAME "atque"
| #define PACKAGE_VERSION "1.1.2"
| #define PACKAGE_STRING "atque 1.1.2"
| #define PACKAGE_BUGREPORT "http://sourceforge.net/tracker/?func=add&group_id=235817&atid=1097912 "
| #define PACKAGE_URL ""
| #define PACKAGE "atque"
| #define VERSION "1.1.2"
| #define STDC_HEADERS 1
| #define HAVE_SYS_TYPES_H 1
| #define HAVE_SYS_STAT_H 1
| #define HAVE_STDLIB_H 1
| #define HAVE_STRING_H 1
| #define HAVE_MEMORY_H 1
| #define HAVE_STRINGS_H 1
| #define HAVE_INTTYPES_H 1
| #define HAVE_STDINT_H 1
| #define HAVE_UNISTD_H 1
| #define HAVE_DLFCN_H 1
| #define LT_OBJDIR ".libs/"
| /* end confdefs.h.  */
| #include <ac_nonexistent.h>
configure:12932: checking for ld used by g++
configure:12999: result: /usr/bin/ld -m elf_x86_64
configure:13006: checking if the linker (/usr/bin/ld -m elf_x86_64) is GNU ld
configure:13021: result: yes
configure:13076: checking whether the g++ linker (/usr/bin/ld -m elf_x86_64) supports shared libraries
configure:14149: result: yes
configure:14185: g++ -c -g -O0  conftest.cpp >&5
configure:14188: $? = 0
configure:14669: checking for g++ option to produce PIC
configure:14676: result: -fPIC -DPIC
configure:14684: checking if g++ PIC flag -fPIC -DPIC works
configure:14702: g++ -c -g -O0  -fPIC -DPIC -DPIC conftest.cpp >&5
configure:14706: $? = 0
configure:14719: result: yes
configure:14742: checking if g++ static flag -static works
configure:14770: result: yes
configure:14782: checking if g++ supports -c -o file.o
configure:14803: g++ -c -g -O0  -o out/conftest2.o conftest.cpp >&5
configure:14807: $? = 0
configure:14829: result: yes
configure:14834: checking if g++ supports -c -o file.o
configure:14881: result: yes
configure:14911: checking whether the g++ linker (/usr/bin/ld -m elf_x86_64) supports shared libraries
configure:14954: result: yes
configure:15095: checking dynamic linker characteristics
configure:15852: result: GNU/Linux ld.so
configure:15917: checking how to hardcode library paths into programs
configure:15942: result: immediate
configure:16109: checking sndfile.h usability
configure:16109: g++ -c -g -O0  conftest.cpp >&5
configure:16109: $? = 0
configure:16109: result: yes
configure:16109: checking sndfile.h presence
configure:16109: g++ -E  conftest.cpp
configure:16109: $? = 0
configure:16109: result: yes
configure:16109: checking for sndfile.h
configure:16109: result: yes
configure:16121: checking for sf_open in -lsndfile
configure:16146: g++ -o conftest -g -O0   conftest.cpp -lsndfile   >&5
configure:16146: $? = 0
configure:16155: result: yes
configure:16301: checking for boostlib >= 1.33.1 (103301)
configure:16333: g++ -c -g -O0  -I/usr/include conftest.cpp >&5
configure:16333: $? = 0
configure:16335: result: yes
configure:16527: checking whether the Boost::Locale library is available
configure:16552: g++ -c -g -O0  -I/usr/include conftest.cpp >&5
configure:16552: $? = 0
configure:16567: result: yes
configure:16582: checking for exit in -lboost_locale
configure:16607: g++ -o conftest -g -O0  -I/usr/include  -L/usr/lib/x86_64-linux-gnu conftest.cpp -lboost_locale  -lsndfile  >&5
conftest.cpp:33:6: warning: declaration of 'char exit()' conflicts with built-in declaration 'void exit(int)' [-Wbuiltin-declaration-mismatch]
   33 | char exit ();
      |      ^~~~
configure:16607: $? = 0
configure:16617: result: yes
configure:16801: checking for wx-config
configure:16820: found /usr/bin/wx-config
configure:16833: result: /usr/bin/wx-config
configure:16848: checking for wxWidgets version >= 3.0.0
configure:16894: result: yes (version 3.0.5)
configure:16898: checking for wxWidgets static library
configure:16902: result: no
configure:17162: checking that generated files are newer than configure
configure:17168: result: done
configure:17203: creating ./config.status

## ---------------- ##
## Cache variables. ##
## ---------------- ##

ac_cv_build=x86_64-pc-linux-gnu
ac_cv_c_compiler_gnu=yes
ac_cv_cxx_compiler_gnu=yes
ac_cv_env_CCC_set=
ac_cv_env_CCC_value=
ac_cv_env_CC_set=
ac_cv_env_CC_value=
ac_cv_env_CFLAGS_set=
ac_cv_env_CFLAGS_value=
ac_cv_env_CPPFLAGS_set=
ac_cv_env_CPPFLAGS_value=
ac_cv_env_CPP_set=
ac_cv_env_CPP_value=
ac_cv_env_CXXCPP_set=
ac_cv_env_CXXCPP_value=
ac_cv_env_CXXFLAGS_set=set
ac_cv_env_CXXFLAGS_value='-g -O0'
ac_cv_env_CXX_set=
ac_cv_env_CXX_value=
ac_cv_env_LDFLAGS_set=
ac_cv_env_LDFLAGS_value=
ac_cv_env_LIBS_set=
ac_cv_env_LIBS_value=
ac_cv_env_LT_SYS_LIBRARY_PATH_set=
ac_cv_env_LT_SYS_LIBRARY_PATH_value=
ac_cv_env_build_alias_set=
ac_cv_env_build_alias_value=
ac_cv_env_host_alias_set=
ac_cv_env_host_alias_value=
ac_cv_env_target_alias_set=
ac_cv_env_target_alias_value=
ac_cv_header_dlfcn_h=yes
ac_cv_header_inttypes_h=yes
ac_cv_header_memory_h=yes
ac_cv_header_sndfile_h=yes
ac_cv_header_stdc=yes
ac_cv_header_stdint_h=yes
ac_cv_header_stdlib_h=yes
ac_cv_header_string_h=yes
ac_cv_header_strings_h=yes
ac_cv_header_sys_stat_h=yes
ac_cv_header_sys_types_h=yes
ac_cv_header_unistd_h=yes
ac_cv_host=x86_64-pc-linux-gnu
ac_cv_lib_boost_locale___exit=yes
ac_cv_lib_sndfile_sf_open=yes
ac_cv_objext=o
ac_cv_path_EGREP='/usr/bin/grep -E'
ac_cv_path_FGREP='/usr/bin/grep -F'
ac_cv_path_GREP=/usr/bin/grep
ac_cv_path_SED=/usr/bin/sed
ac_cv_path_WX_CONFIG_PATH=/usr/bin/wx-config
ac_cv_path_install='/usr/bin/install -c'
ac_cv_path_lt_DD=/usr/bin/dd
ac_cv_path_mkdir=/usr/bin/mkdir
ac_cv_prog_AWK=gawk
ac_cv_prog_CPP='gcc -E'
ac_cv_prog_CXXCPP='g++ -E'
ac_cv_prog_ac_ct_AR=ar
ac_cv_prog_ac_ct_CC=gcc
ac_cv_prog_ac_ct_CXX=g++
ac_cv_prog_ac_ct_MANIFEST_TOOL=mt
ac_cv_prog_ac_ct_OBJDUMP=objdump
ac_cv_prog_ac_ct_RANLIB=ranlib
ac_cv_prog_ac_ct_STRIP=strip
ac_cv_prog_cc_c89=
ac_cv_prog_cc_g=yes
ac_cv_prog_cxx_g=yes
ac_cv_prog_make_make_set=yes
am_cv_CC_dependencies_compiler_type=gcc3
am_cv_CXX_dependencies_compiler_type=gcc3
am_cv_make_support_nested_variables=yes
am_cv_prog_cc_c_o=yes
ax_cv_boost_locale=yes
lt_cv_ar_at_file=@
lt_cv_archive_cmds_need_lc=no
lt_cv_deplibs_check_method=pass_all
lt_cv_file_magic_cmd='$MAGIC_CMD'
lt_cv_file_magic_test_file=
lt_cv_ld_reload_flag=-r
lt_cv_nm_interface='BSD nm'
lt_cv_objdir=.libs
lt_cv_path_LD=/usr/bin/ld
lt_cv_path_LDCXX='/usr/bin/ld -m elf_x86_64'
lt_cv_path_NM='/usr/bin/nm -B'
lt_cv_path_mainfest_tool=no
lt_cv_prog_compiler_c_o=yes
lt_cv_prog_compiler_c_o_CXX=yes
lt_cv_prog_compiler_pic='-fPIC -DPIC'
lt_cv_prog_compiler_pic_CXX='-fPIC -DPIC'
lt_cv_prog_compiler_pic_works=yes
lt_cv_prog_compiler_pic_works_CXX=yes
lt_cv_prog_compiler_rtti_exceptions=no
lt_cv_prog_compiler_static_works=yes
lt_cv_prog_compiler_static_works_CXX=yes
lt_cv_prog_gnu_ld=yes
lt_cv_prog_gnu_ldcxx=yes
lt_cv_sharedlib_from_linklib_cmd='printf %s\n'
lt_cv_shlibpath_overrides_runpath=yes
lt_cv_sys_global_symbol_pipe='sed -n -e '\''s/^.*[	 ]\([ABCDGIRSTW][ABCDGIRSTW]*\)[	 ][	 ]*\([_A-Za-z][_A-Za-z0-9]*\)$/\1 \2 \2/p'\'' | sed '\''/ __gnu_lto/d'\'''
lt_cv_sys_global_symbol_to_c_name_address='sed -n -e '\''s/^: \(.*\) .*$/  {"\1", (void *) 0},/p'\'' -e '\''s/^[ABCDGIRSTW][ABCDGIRSTW]* .* \(.*\)$/  {"\1", (void *) \&\1},/p'\'''
lt_cv_sys_global_symbol_to_c_name_address_lib_prefix='sed -n -e '\''s/^: \(.*\) .*$/  {"\1", (void *) 0},/p'\'' -e '\''s/^[ABCDGIRSTW][ABCDGIRSTW]* .* \(lib.*\)$/  {"\1", (void *) \&\1},/p'\'' -e '\''s/^[ABCDGIRSTW][ABCDGIRSTW]* .* \(.*\)$/  {"lib\1", (void *) \&\1},/p'\'''
lt_cv_sys_global_symbol_to_cdecl='sed -n -e '\''s/^T .* \(.*\)$/extern int \1();/p'\'' -e '\''s/^[ABCDGIRSTW][ABCDGIRSTW]* .* \(.*\)$/extern char \1;/p'\'''
lt_cv_sys_global_symbol_to_import=
lt_cv_sys_max_cmd_len=1879296
lt_cv_to_host_file_cmd=func_convert_file_noop
lt_cv_to_tool_file_cmd=func_convert_file_noop
lt_cv_truncate_bin='/usr/bin/dd bs=4096 count=1'

## ----------------- ##
## Output variables. ##
## ----------------- ##

ACLOCAL='${SHELL} /home/michiaki/AlephoneJP/DTB2/config/missing aclocal-1.16'
AMDEPBACKSLASH='\'
AMDEP_FALSE='#'
AMDEP_TRUE=''
AMTAR='$${TAR-tar}'
AM_BACKSLASH='\'
AM_DEFAULT_V='$(AM_DEFAULT_VERBOSITY)'
AM_DEFAULT_VERBOSITY='1'
AM_V='$(V)'
AR='ar'
AUTOCONF='${SHELL} /home/michiaki/AlephoneJP/DTB2/config/missing autoconf'
AUTOHEADER='${SHELL} /home/michiaki/AlephoneJP/DTB2/config/missing autoheader'
AUTOMAKE='${SHELL} /home/michiaki/AlephoneJP/DTB2/config/missing automake-1.16'
AWK='gawk'
BOOST_CPPFLAGS='-I/usr/include'
BOOST_LDFLAGS='-L/usr/lib/x86_64-linux-gnu'
BOOST_LOCALE_LIB='-lboost_locale'
BUILD_ATQUEGUI_FALSE=''
BUILD_ATQUEGUI_TRUE='#'
CC='gcc'
CCDEPMODE='depmode=gcc3'
CFLAGS='-g -O2 -pthread'
CPP='gcc -E'
CPPFLAGS=' -I/usr/lib/x86_64-linux-gnu/wx/include/gtk3-unicode-3.0 -I/usr/include/wx-3.0 -D_FILE_OFFSET_BITS=64 -DWXUSINGDLL -D__WXGTK__'
CXX='g++'
CXXCPP='g++ -E'
CXXDEPMODE='depmode=gcc3'
CXXFLAGS='-g -O0 '
CYGPATH_W='echo'
DEFS='-DHAVE_CONFIG_H'
DEPDIR='.deps'
DLLTOOL='false'
DSYMUTIL=''
DUMPBIN=''
ECHO_C=''
ECHO_N='-n'
ECHO_T=''
EGREP='/usr/bin/grep -E'
EXEEXT=''
FGREP='/usr/bin/grep -F'
GREP='/usr/bin/grep'
INSTALL_DATA='${INSTALL} -m 644'
INSTALL_PROGRAM='${INSTALL}'
INSTALL_SCRIPT='${INSTALL}'
INSTALL_STRIP_PROGRAM='$(install_sh) -c -s'
LD='/usr/bin/ld -m elf_x86_64'
LDFLAGS=''
LIBOBJS=''
LIBS='-lsndfile  -lboost_locale -L/usr/lib/x86_64-linux-gnu -pthread   -lwx_gtk3u_xrc-3.0 -lwx_gtk3u_html-3.0 -lwx_gtk3u_qa-3.0 -lwx_gtk3u_adv-3.0 -lwx_gtk3u_core-3.0 -lwx_baseu_xml-3.0 -lwx_baseu_net-3.0 -lwx_baseu-3.0  -lwx_gtk3u_richtext-3.0'
LIBTOOL='$(SHELL) $(top_builddir)/libtool'
LIPO=''
LN_S='ln -s'
LTLIBOBJS=''
LT_SYS_LIBRARY_PATH=''
MAKEINFO='${SHELL} /home/michiaki/AlephoneJP/DTB2/config/missing makeinfo'
MAKE_WINDOWS_FALSE=''
MAKE_WINDOWS_TRUE='#'
MANIFEST_TOOL=':'
MKDIR_P='/usr/bin/mkdir -p'
NM='/usr/bin/nm -B'
NMEDIT=''
OBJDUMP='objdump'
OBJEXT='o'
OTOOL64=''
OTOOL=''
PACKAGE='atque'
PACKAGE_BUGREPORT='http://sourceforge.net/tracker/?func=add&group_id=235817&atid=1097912 '
PACKAGE_NAME='atque'
PACKAGE_STRING='atque 1.1.2'
PACKAGE_TARNAME='atque'
PACKAGE_URL=''
PACKAGE_VERSION='1.1.2'
PATH_SEPARATOR=':'
RANLIB='ranlib'
SED='/usr/bin/sed'
SET_MAKE=''
SHELL='/bin/bash'
STRIP='strip'
VERSION='1.1.2'
WINDRES=''
WX_CFLAGS='-I/usr/lib/x86_64-linux-gnu/wx/include/gtk3-unicode-3.0 -I/usr/include/wx-3.0 -D_FILE_OFFSET_BITS=64 -DWXUSINGDLL -D__WXGTK__ -pthread'
WX_CFLAGS_ONLY='-pthread'
WX_CONFIG_PATH='/usr/bin/wx-config'
WX_CPPFLAGS='-I/usr/lib/x86_64-linux-gnu/wx/include/gtk3-unicode-3.0 -I/usr/include/wx-3.0 -D_FILE_OFFSET_BITS=64 -DWXUSINGDLL -D__WXGTK__'
WX_CXXFLAGS='-I/usr/lib/x86_64-linux-gnu/wx/include/gtk3-unicode-3.0 -I/usr/include/wx-3.0 -D_FILE_OFFSET_BITS=64 -DWXUSINGDLL -D__WXGTK__ -pthread'
WX_CXXFLAGS_ONLY=''
WX_LIBS='-L/usr/lib/x86_64-linux-gnu -pthread   -lwx_gtk3u_xrc-3.0 -lwx_gtk3u_html-3.0 -lwx_gtk3u_qa-3.0 -lwx_gtk3u_adv-3.0 -lwx_gtk3u_core-3.0 -lwx_baseu_xml-3.0 -lwx_baseu_net-3.0 -lwx_baseu-3.0 '
WX_LIBS_STATIC=''
WX_RESCOMP=''
WX_VERSION='3.0.5'
WX_VERSION_MAJOR='3'
WX_VERSION_MICRO='5'
WX_VERSION_MINOR='0'
ac_ct_AR='ar'
ac_ct_CC='gcc'
ac_ct_CXX='g++'
ac_ct_DUMPBIN=''
am__EXEEXT_FALSE=''
am__EXEEXT_TRUE='#'
am__fastdepCC_FALSE='#'
am__fastdepCC_TRUE=''
am__fastdepCXX_FALSE='#'
am__fastdepCXX_TRUE=''
am__include='include'
am__isrc=''
am__leading_dot='.'
am__nodep='_no'
am__quote=''
am__tar='$${TAR-tar} chof - "$$tardir"'
am__untar='$${TAR-tar} xf -'
bindir='${exec_prefix}/bin'
build='x86_64-pc-linux-gnu'
build_alias=''
build_cpu='x86_64'
build_os='linux-gnu'
build_vendor='pc'
datadir='${datarootdir}'
datarootdir='${prefix}/share'
docdir='${datarootdir}/doc/${PACKAGE_TARNAME}'
dvidir='${docdir}'
exec_prefix='${prefix}'
host='x86_64-pc-linux-gnu'
host_alias=''
host_cpu='x86_64'
host_os='linux-gnu'
host_vendor='pc'
htmldir='${docdir}'
includedir='${prefix}/include'
infodir='${datarootdir}/info'
install_sh='${SHELL} /home/michiaki/AlephoneJP/DTB2/config/install-sh'
libdir='${exec_prefix}/lib'
libexecdir='${exec_prefix}/libexec'
localedir='${datarootdir}/locale'
localstatedir='${prefix}/var'
mandir='${datarootdir}/man'
mkdir_p='$(MKDIR_P)'
oldincludedir='/usr/include'
pdfdir='${docdir}'
prefix='/usr/local'
program_transform_name='s,x,x,'
psdir='${docdir}'
runstatedir='${localstatedir}/run'
sbindir='${exec_prefix}/sbin'
sharedstatedir='${prefix}/com'
sysconfdir='${prefix}/etc'
target_alias=''

## ----------- ##
## confdefs.h. ##
## ----------- ##

/* confdefs.h */
#define PACKAGE_NAME "atque"
#define PACKAGE_TARNAME "atque"
#define PACKAGE_VERSION "1.1.2"
#define PACKAGE_STRING "atque 1.1.2"
#define PACKAGE_BUGREPORT "http://sourceforge.net/tracker/?func=add&group_id=235817&atid=1097912 "
#define PACKAGE_URL ""
#define PACKAGE "atque"
#define VERSION "1.1.2"
#define STDC_HEADERS 1
#define HAVE_SYS_TYPES_H 1
#define HAVE_SYS_STAT_H 1
#define HAVE_STDLIB_H 1
#define HAVE_STRING_H 1
#define HAVE_MEMORY_H 1
#define HAVE_STRINGS_H 1
#define HAVE_INTTYPES_H 1
#define HAVE_STDINT_H 1
#define HAVE_UNISTD_H 1
#define HAVE_DLFCN_H 1
#define LT_OBJDIR ".libs/"
#define HAVE_SNDFILE_H 1
#define HAVE_BOOST /**/
#define HAVE_BOOST_LOCALE /**/

configure: exit 0

## ---------------------- ##
## Running config.status. ##
## ---------------------- ##

This file was extended by atque config.status 1.1.2, which was
generated by GNU Autoconf 2.69.  Invocation command line was

  CONFIG_FILES    = 
  CONFIG_HEADERS  = 
  CONFIG_LINKS    = 
  CONFIG_COMMANDS = 
  $ ./config.status 

on debian

config.status:1174: creating Makefile
config.status:1174: creating ferro/Makefile
config.status:1174: creating config.h
config.status:1355: config.h is unchanged
config.status:1403: executing depfiles commands
config.status:1480: cd .       && sed -e '/# am--include-marker/d' Makefile         | make -f - am--depfiles
make[1]: warning: jobserver unavailable: using -j1.  Add '+' to parent make rule.
make[1]: Entering directory '/home/michiaki/AlephoneJP/DTB2'
make[1]: Nothing to be done for 'am--depfiles'.
make[1]: Leaving directory '/home/michiaki/AlephoneJP/DTB2'
config.status:1485: $? = 0
config.status:1480: cd ferro       && sed -e '/# am--include-marker/d' Makefile         | make -f - am--depfiles
make[1]: warning: jobserver unavailable: using -j1.  Add '+' to parent make rule.
make[1]: Entering directory '/home/michiaki/AlephoneJP/DTB2/ferro'
make[1]: Nothing to be done for 'am--depfiles'.
make[1]: Leaving directory '/home/michiaki/AlephoneJP/DTB2/ferro'
config.status:1485: $? = 0
config.status:1403: executing libtool commands

## ---------------------- ##
## Running config.status. ##
## ---------------------- ##

This file was extended by atque config.status 1.1.2, which was
generated by GNU Autoconf 2.69.  Invocation command line was

  CONFIG_FILES    = 
  CONFIG_HEADERS  = 
  CONFIG_LINKS    = 
  CONFIG_COMMANDS = 
  $ ./config.status config.h

on debian

config.status:1174: creating config.h
config.status:1355: config.h is unchanged
